<?xml version="1.0" encoding="UTF-8"?>
<!-- Generated by org.testng.reporters.JUnitXMLReporter -->
<testsuite ignored="2" hostname="DESKTOP-7UBB2ML" failures="0" tests="7" name="Test" time="4.035" errors="0" timestamp="2024-03-03T05:14:48 IST">
  <testcase classname="com.qa.TestScripts.TC_LoginPage" name="enterUsernameAndPassword" time="0.411"/>
  <testcase classname="com.qa.TestScripts.TC_LoginPage" name="enterUsernameAndPassword" time="0.273"/>
  <testcase classname="com.qa.TestScripts.TC_LoginPage" name="enterUsernameAndPassword" time="0.277"/>
  <testcase classname="com.qa.TestScripts.TC_LoginPage" name="enterUsernameAndPassword" time="0.26"/>
  <testcase classname="com.qa.TestScripts.TC_LoginPage" name="enterUsernameAndPassword" time="0.263"/>
  <testcase classname="com.qa.TestScripts.TC_LoginPage" name="verifyTitle" time="0.011"/>
  <testcase classname="com.qa.TestScripts.TC_LoginPage" name="verifyErrorMessage" time="0.032"/>
  <testcase classname="com.qa.TestScripts.BaseClass" name="@BeforeTest iAmonLoginPage" time="0.0">
    <ignored/>
  </testcase> <!-- @BeforeTest iAmonLoginPage -->
  <testcase classname="com.qa.TestScripts.BaseClass" name="@AfterTest tearDown" time="0.0">
    <ignored/>
  </testcase> <!-- @AfterTest tearDown -->
</testsuite> <!-- Test -->
