<?xml version="1.0" encoding="UTF-8"?>
<!-- Generated by org.testng.reporters.JUnitXMLReporter -->
<testsuite ignored="2" hostname="DESKTOP-7UBB2ML" failures="0" tests="7" name="Test" time="10.499" errors="0" timestamp="2024-03-04T09:51:54 IST">
  <testcase classname="com.qa.TestScripts.TC_LoginPage" name="enterUsernameAndPassword" time="0.501"/>
  <testcase classname="com.qa.TestScripts.TC_LoginPage" name="enterUsernameAndPassword" time="0.348"/>
  <testcase classname="com.qa.TestScripts.TC_LoginPage" name="enterUsernameAndPassword" time="5.356"/>
  <testcase classname="com.qa.TestScripts.TC_LoginPage" name="enterUsernameAndPassword" time="0.278"/>
  <testcase classname="com.qa.TestScripts.TC_LoginPage" name="enterUsernameAndPassword" time="0.288"/>
  <testcase classname="com.qa.TestScripts.TC_LoginPage" name="verifyTitle" time="0.017"/>
  <testcase classname="com.qa.TestScripts.TC_LoginPage" name="verifyErrorMessage" time="0.046"/>
  <testcase classname="com.qa.TestScripts.BaseClass" name="@BeforeTest iAmonLoginPage" time="0.0">
    <ignored/>
  </testcase> <!-- @BeforeTest iAmonLoginPage -->
  <testcase classname="com.qa.TestScripts.BaseClass" name="@AfterTest tearDown" time="0.0">
    <ignored/>
  </testcase> <!-- @AfterTest tearDown -->
</testsuite> <!-- Test -->
