<?xml version="1.0" encoding="UTF-8"?>
<testng-results ignored="2" total="9" passed="7" failed="0" skipped="0">
  <reporter-output>
  </reporter-output>
  <suite started-at="2024-03-04T09:51:44 IST" name="Suite" finished-at="2024-03-04T09:51:54 IST" duration-ms="10499">
    <groups>
    </groups>
    <test started-at="2024-03-04T09:51:44 IST" name="Test" finished-at="2024-03-04T09:51:54 IST" duration-ms="10499">
      <class name="com.qa.TestScripts.TC_LoginPage">
        <test-method signature="enterUsernameAndPassword(java.lang.String,java.lang.String)[pri:0, instance:com.qa.TestScripts.TC_LoginPage@4b45a2f5]" started-at="2024-03-04T09:51:47 IST" name="enterUsernameAndPassword" data-provider="readData" finished-at="2024-03-04T09:51:48 IST" duration-ms="501" status="PASS">
          <params>
            <param index="0">
              <value>
                <![CDATA[standard_user]]>
              </value>
            </param>
            <param index="1">
              <value>
                <![CDATA[secret_sauce]]>
              </value>
            </param>
          </params>
          <reporter-output>
          </reporter-output>
        </test-method> <!-- enterUsernameAndPassword -->
        <test-method signature="enterUsernameAndPassword(java.lang.String,java.lang.String)[pri:0, instance:com.qa.TestScripts.TC_LoginPage@4b45a2f5]" started-at="2024-03-04T09:51:48 IST" name="enterUsernameAndPassword" data-provider="readData" finished-at="2024-03-04T09:51:48 IST" duration-ms="348" status="PASS">
          <params>
            <param index="0">
              <value>
                <![CDATA[problem_user]]>
              </value>
            </param>
            <param index="1">
              <value>
                <![CDATA[secret_sauce]]>
              </value>
            </param>
          </params>
          <reporter-output>
          </reporter-output>
        </test-method> <!-- enterUsernameAndPassword -->
        <test-method signature="enterUsernameAndPassword(java.lang.String,java.lang.String)[pri:0, instance:com.qa.TestScripts.TC_LoginPage@4b45a2f5]" started-at="2024-03-04T09:51:48 IST" name="enterUsernameAndPassword" data-provider="readData" finished-at="2024-03-04T09:51:53 IST" duration-ms="5356" status="PASS">
          <params>
            <param index="0">
              <value>
                <![CDATA[performance_glitch_user]]>
              </value>
            </param>
            <param index="1">
              <value>
                <![CDATA[secret_sauce]]>
              </value>
            </param>
          </params>
          <reporter-output>
          </reporter-output>
        </test-method> <!-- enterUsernameAndPassword -->
        <test-method signature="enterUsernameAndPassword(java.lang.String,java.lang.String)[pri:0, instance:com.qa.TestScripts.TC_LoginPage@4b45a2f5]" started-at="2024-03-04T09:51:53 IST" name="enterUsernameAndPassword" data-provider="readData" finished-at="2024-03-04T09:51:54 IST" duration-ms="278" status="PASS">
          <params>
            <param index="0">
              <value>
                <![CDATA[locked_out_user]]>
              </value>
            </param>
            <param index="1">
              <value>
                <![CDATA[secret_sauce]]>
              </value>
            </param>
          </params>
          <reporter-output>
          </reporter-output>
        </test-method> <!-- enterUsernameAndPassword -->
        <test-method signature="enterUsernameAndPassword(java.lang.String,java.lang.String)[pri:0, instance:com.qa.TestScripts.TC_LoginPage@4b45a2f5]" started-at="2024-03-04T09:51:54 IST" name="enterUsernameAndPassword" data-provider="readData" finished-at="2024-03-04T09:51:54 IST" duration-ms="288" status="PASS">
          <params>
            <param index="0">
              <value>
                <![CDATA[Standard_user_Invalid]]>
              </value>
            </param>
            <param index="1">
              <value>
                <![CDATA[sauce_invalid]]>
              </value>
            </param>
          </params>
          <reporter-output>
          </reporter-output>
        </test-method> <!-- enterUsernameAndPassword -->
        <test-method signature="verifyTitle()[pri:2, instance:com.qa.TestScripts.TC_LoginPage@4b45a2f5]" started-at="2024-03-04T09:51:54 IST" name="verifyTitle" finished-at="2024-03-04T09:51:54 IST" duration-ms="17" status="PASS">
          <reporter-output>
          </reporter-output>
        </test-method> <!-- verifyTitle -->
        <test-method signature="verifyErrorMessage()[pri:3, instance:com.qa.TestScripts.TC_LoginPage@4b45a2f5]" started-at="2024-03-04T09:51:54 IST" name="verifyErrorMessage" finished-at="2024-03-04T09:51:54 IST" duration-ms="46" status="PASS">
          <reporter-output>
          </reporter-output>
        </test-method> <!-- verifyErrorMessage -->
      </class> <!-- com.qa.TestScripts.TC_LoginPage -->
      <class name="com.qa.TestScripts.BaseClass">
        <test-method is-config="true" signature="iAmonLoginPage()[pri:0, instance:com.qa.TestScripts.BaseClass@a38c7fe]" started-at="2024-03-04T09:51:44 IST" name="iAmonLoginPage" finished-at="2024-03-04T09:51:46 IST" duration-ms="2425" status="PASS">
          <reporter-output>
          </reporter-output>
        </test-method> <!-- iAmonLoginPage -->
        <test-method is-config="true" signature="tearDown()[pri:0, instance:com.qa.TestScripts.BaseClass@a38c7fe]" started-at="2024-03-04T09:51:54 IST" name="tearDown" finished-at="2024-03-04T09:51:54 IST" duration-ms="186" status="PASS">
          <reporter-output>
          </reporter-output>
        </test-method> <!-- tearDown -->
      </class> <!-- com.qa.TestScripts.BaseClass -->
    </test> <!-- Test -->
  </suite> <!-- Suite -->
</testng-results>
